2020-04-23 16:47  INFO 29782 --- [main] es.MisInversionesApplication             : Starting MisInversionesApplication on antonio-portatil with PID 29782 (/home/antonio/eclipse-workspace/DireccionDeProyectos/mis-inversiones-/build/classes/java/main started by antonio in /home/antonio/eclipse-workspace/DireccionDeProyectos/mis-inversiones-)
2020-04-23 16:47  INFO 29782 --- [main] es.MisInversionesApplication             : No active profile set, falling back to default profiles: default
2020-04-23 16:47  INFO 29782 --- [main] .s.d.r.c.RepositoryConfigurationDelegate : Bootstrapping Spring Data JPA repositories in DEFAULT mode.
2020-04-23 16:47  INFO 29782 --- [main] .s.d.r.c.RepositoryConfigurationDelegate : Finished Spring Data repository scanning in 52ms. Found 3 JPA repository interfaces.
2020-04-23 16:47  INFO 29782 --- [main] o.s.b.w.embedded.tomcat.TomcatWebServer  : Tomcat initialized with port(s): 8080 (http)
2020-04-23 16:47  INFO 29782 --- [main] o.apache.catalina.core.StandardService   : Starting service [Tomcat]
2020-04-23 16:47  INFO 29782 --- [main] org.apache.catalina.core.StandardEngine  : Starting Servlet engine: [Apache Tomcat/9.0.31]
2020-04-23 16:47  INFO 29782 --- [main] o.a.c.c.C.[Tomcat].[localhost].[/]       : Initializing Spring embedded WebApplicationContext
2020-04-23 16:47  INFO 29782 --- [main] o.s.web.context.ContextLoader            : Root WebApplicationContext: initialization completed in 2245 ms
2020-04-23 16:47  INFO 29782 --- [main] o.hibernate.jpa.internal.util.LogHelper  : HHH000204: Processing PersistenceUnitInfo [name: default]
2020-04-23 16:47  INFO 29782 --- [main] org.hibernate.Version                    : HHH000412: Hibernate ORM core version 5.4.12.Final
2020-04-23 16:47  INFO 29782 --- [main] o.hibernate.annotations.common.Version   : HCANN000001: Hibernate Commons Annotations {5.1.0.Final}
2020-04-23 16:47  INFO 29782 --- [main] com.zaxxer.hikari.HikariDataSource       : HikariPool-1 - Starting...
2020-04-23 16:47  INFO 29782 --- [main] com.zaxxer.hikari.HikariDataSource       : HikariPool-1 - Start completed.
2020-04-23 16:47  INFO 29782 --- [main] org.hibernate.dialect.Dialect            : HHH000400: Using dialect: org.hibernate.dialect.H2Dialect
2020-04-23 16:47  INFO 29782 --- [main] o.h.e.t.j.p.i.JtaPlatformInitiator       : HHH000490: Using JtaPlatform implementation: [org.hibernate.engine.transaction.jta.platform.internal.NoJtaPlatform]
2020-04-23 16:47  INFO 29782 --- [main] j.LocalContainerEntityManagerFactoryBean : Initialized JPA EntityManagerFactory for persistence unit 'default'
2020-04-23 16:47  WARN 29782 --- [main] JpaBaseConfiguration$JpaWebConfiguration : spring.jpa.open-in-view is enabled by default. Therefore, database queries may be performed during view rendering. Explicitly configure spring.jpa.open-in-view to disable this warning
2020-04-23 16:47  INFO 29782 --- [main] o.s.s.concurrent.ThreadPoolTaskExecutor  : Initializing ExecutorService 'applicationTaskExecutor'
2020-04-23 16:47  INFO 29782 --- [main] o.s.b.w.embedded.tomcat.TomcatWebServer  : Tomcat started on port(s): 8080 (http) with context path ''
2020-04-23 16:47  INFO 29782 --- [main] es.MisInversionesApplication             : Started MisInversionesApplication in 5.948 seconds (JVM running for 6.353)
2020-04-23 16:47 ERROR 29782 --- [main] es.mdef.GestorCarteraImpl                : Ese producto no existe en su cartera
2020-04-23 16:47  INFO 29782 --- [main] es.mdef.GestorCarteraImpl                : {Edeficandi=6000.0, SP500=5000.0, MidTem=500.0}
2020-04-23 16:47  INFO 29782 --- [main] es.MisInversionesApplication             : [Usuario Juan, ID 99ac2ec3-936c-4d9a-a840-f6fd59fce1a2, Usuario Victoria, ID 4995efbd-7e99-4586-a061-decb04ae376c, Usuario Belen, ID 3b90fcf4-9e1c-4009-a6be-d4955f64cf7f]
2020-04-23 16:47  INFO 29782 --- [main] es.MisInversionesApplication             : {Producto Financiero: Edeficandi, comercializadora: Pictetd,ISIN: 478120, sector: INDUSTRIA ,tipo: RENTA_FIJA, riesgo: BAJO=8500.0, Producto Financiero: SP500, comercializadora: Amundi,ISIN: 555555, sector: CONSUMO_CICLICO ,tipo: RENTA_VARIABLE, riesgo: ALTO=500.0}
2020-04-23 16:47  INFO 29782 --- [main] es.MisInversionesApplication             : [CarteraInversion Cartera agresiva: {Producto Financiero: Edeficandi, comercializadora: Pictetd,ISIN: 478120, sector: INDUSTRIA ,tipo: RENTA_FIJA, riesgo: BAJO=8500.0, Producto Financiero: SP500, comercializadora: Amundi,ISIN: 555555, sector: CONSUMO_CICLICO ,tipo: RENTA_VARIABLE, riesgo: ALTO=500.0}, capital total: 9000.0, creada el: 2020-04-23T14:47:49.297120Z, usuarios: [Usuario Juan, ID 99ac2ec3-936c-4d9a-a840-f6fd59fce1a2, Usuario Victoria, ID 4995efbd-7e99-4586-a061-decb04ae376c, Usuario Belen, ID 3b90fcf4-9e1c-4009-a6be-d4955f64cf7f], Rentabilidad Actual:22.222222222222218]
2020-04-23 16:48  INFO 29782 --- [SpringContextShutdownHook] o.s.s.concurrent.ThreadPoolTaskExecutor  : Shutting down ExecutorService 'applicationTaskExecutor'
2020-04-23 16:48  INFO 29782 --- [SpringContextShutdownHook] j.LocalContainerEntityManagerFactoryBean : Closing JPA EntityManagerFactory for persistence unit 'default'
2020-04-23 16:48  INFO 29782 --- [SpringContextShutdownHook] com.zaxxer.hikari.HikariDataSource       : HikariPool-1 - Shutdown initiated...
2020-04-23 16:48  INFO 29782 --- [SpringContextShutdownHook] com.zaxxer.hikari.HikariDataSource       : HikariPool-1 - Shutdown completed.
